<?xml version="1.0" encoding="UTF-8"?>
<testng-results ignored="0" total="5" passed="5" failed="0" skipped="0">
  <reporter-output>
  </reporter-output>
  <suite started-at="2025-03-26T12:55:41 IST" name="Surefire suite" finished-at="2025-03-26T12:56:38 IST" duration-ms="57529">
    <groups>
      <group name="cucumber">
        <method signature="AbstractTestNGCucumberTests.runScenario(io.cucumber.testng.PickleWrapper,io.cucumber.testng.FeatureWrapper)[pri:0, instance:askomdch.com.runners.RunCucumberTest@4b741d6d]" name="runScenario" class="io.cucumber.testng.AbstractTestNGCucumberTests"/>
      </group> <!-- cucumber -->
    </groups>
    <test started-at="2025-03-26T12:55:41 IST" name="Surefire test" finished-at="2025-03-26T12:56:38 IST" duration-ms="57529">
      <class name="askomdch.com.runners.RunCucumberTest">
        <test-method is-config="true" signature="setUpClass(org.testng.ITestContext)[pri:0, instance:askomdch.com.runners.RunCucumberTest@4b741d6d]" started-at="2025-03-26T12:55:41 IST" name="setUpClass" finished-at="2025-03-26T12:55:41 IST" duration-ms="153" status="PASS">
          <params>
            <param index="0">
              <value>
                <![CDATA[org.testng.TestRunner@4470fbd6]]>
              </value>
            </param>
          </params>
          <reporter-output>
          </reporter-output>
        </test-method> <!-- setUpClass -->
        <test-method signature="runScenario(io.cucumber.testng.PickleWrapper,io.cucumber.testng.FeatureWrapper)[pri:0, instance:askomdch.com.runners.RunCucumberTest@4b741d6d]" started-at="2025-03-26T12:55:41 IST" name="runScenario" description="Runs Cucumber Scenarios" data-provider="scenarios" finished-at="2025-03-26T12:55:49 IST" duration-ms="7915" status="PASS">
          <params>
            <param index="0">
              <value>
                <![CDATA["Add the blue shoes product"]]>
              </value>
            </param>
            <param index="1">
              <value>
                <![CDATA["Add to card2"]]>
              </value>
            </param>
          </params>
          <reporter-output>
          </reporter-output>
        </test-method> <!-- runScenario -->
        <test-method signature="runScenario(io.cucumber.testng.PickleWrapper,io.cucumber.testng.FeatureWrapper)[pri:0, instance:askomdch.com.runners.RunCucumberTest@4b741d6d]" started-at="2025-03-26T12:55:49 IST" name="runScenario" description="Runs Cucumber Scenarios" data-provider="scenarios" finished-at="2025-03-26T12:55:56 IST" duration-ms="7217" status="PASS">
          <params>
            <param index="0">
              <value>
                <![CDATA["Add the 2 set of product to cart"]]>
              </value>
            </param>
            <param index="1">
              <value>
                <![CDATA["Add to card2"]]>
              </value>
            </param>
          </params>
          <reporter-output>
          </reporter-output>
        </test-method> <!-- runScenario -->
        <test-method signature="runScenario(io.cucumber.testng.PickleWrapper,io.cucumber.testng.FeatureWrapper)[pri:0, instance:askomdch.com.runners.RunCucumberTest@4b741d6d]" started-at="2025-03-26T12:55:56 IST" name="runScenario" description="Runs Cucumber Scenarios" data-provider="scenarios" finished-at="2025-03-26T12:56:00 IST" duration-ms="3481" status="PASS">
          <params>
            <param index="0">
              <value>
                <![CDATA["Add the 2 set of product to cart"]]>
              </value>
            </param>
            <param index="1">
              <value>
                <![CDATA["Add to card2"]]>
              </value>
            </param>
          </params>
          <reporter-output>
          </reporter-output>
        </test-method> <!-- runScenario -->
        <test-method signature="runScenario(io.cucumber.testng.PickleWrapper,io.cucumber.testng.FeatureWrapper)[pri:0, instance:askomdch.com.runners.RunCucumberTest@4b741d6d]" started-at="2025-03-26T12:56:00 IST" name="runScenario" description="Runs Cucumber Scenarios" data-provider="scenarios" finished-at="2025-03-26T12:56:12 IST" duration-ms="12260" status="PASS">
          <params>
            <param index="0">
              <value>
                <![CDATA["Add the product and place the order,billing"]]>
              </value>
            </param>
            <param index="1">
              <value>
                <![CDATA["Add to card2"]]>
              </value>
            </param>
          </params>
          <reporter-output>
          </reporter-output>
        </test-method> <!-- runScenario -->
        <test-method signature="runScenario(io.cucumber.testng.PickleWrapper,io.cucumber.testng.FeatureWrapper)[pri:0, instance:askomdch.com.runners.RunCucumberTest@4b741d6d]" started-at="2025-03-26T12:56:12 IST" name="runScenario" description="Runs Cucumber Scenarios" data-provider="scenarios" finished-at="2025-03-26T12:56:38 IST" duration-ms="26476" status="PASS">
          <params>
            <param index="0">
              <value>
                <![CDATA["Add the product from mens section and cancel from the cart"]]>
              </value>
            </param>
            <param index="1">
              <value>
                <![CDATA["Add to card2"]]>
              </value>
            </param>
          </params>
          <reporter-output>
          </reporter-output>
        </test-method> <!-- runScenario -->
        <test-method is-config="true" signature="tearDownClass()[pri:0, instance:askomdch.com.runners.RunCucumberTest@4b741d6d]" started-at="2025-03-26T12:56:38 IST" name="tearDownClass" finished-at="2025-03-26T12:56:38 IST" duration-ms="0" status="PASS">
          <reporter-output>
          </reporter-output>
        </test-method> <!-- tearDownClass -->
      </class> <!-- askomdch.com.runners.RunCucumberTest -->
    </test> <!-- Surefire test -->
  </suite> <!-- Surefire suite -->
</testng-results>
