<?xml version="1.0" encoding="UTF-8"?>
<testsuite xmlns:xsi="http://www.w3.org/2001/XMLSchema-instance" xsi:noNamespaceSchemaLocation="https://maven.apache.org/surefire/maven-surefire-plugin/xsd/surefire-test-report-3.0.xsd" version="3.0" name="askomdch.com.runners.RerunFailedTests" time="14.785" tests="1" errors="0" skipped="0" failures="0">
  <properties>
[...]
</properties>
  <testcase name="runScenario[&quot;Add the product and place the order,billing&quot;, &quot;Add to card2&quot;](1)" classname="askomdch.com.runners.RerunFailedTests" time="13.912">
    <system-out><![CDATA[
@sanity
Scenario: Add the product and place the order,billing &amp#27;[90m# src/test/resources/Features/addToCart1.feature:23&amp#27;[0m
  &amp#27;[32mGiven &amp#27;[0m&amp#27;[32mI am application User&amp#27;[0m                         &amp#27;[90m# askomdch.com.StepDefinations.StoreStepDefination.i_am_application_user()&amp#27;[0m
  &amp#27;[32mAnd &amp#27;[0m&amp#27;[32mI have the product in cart&amp#27;[0m                      &amp#27;[90m# askomdch.com.StepDefinations.StoreStepDefination.i_have_the_product_in_cart()&amp#27;[0m
  &amp#27;[32mAnd &amp#27;[0m&amp#27;[32mI'm check out page&amp#27;[0m                              &amp#27;[90m# askomdch.com.StepDefinations.CartStepDefination.i_m_check_out_page()&amp#27;[0m
  &amp#27;[32mWhen &amp#27;[0m&amp#27;[32mI'm providing Billing Details&amp#27;[0m                  &amp#27;[90m# askomdch.com.StepDefinations.StepDef.i_m_providing_billing_detials(io.cucumber.datatable.DataTable)&amp#27;[0m
    | FirstName      | Rakesh              |
    | LastName       | Mandagiri           |
    | Country        | United States (US)  |
    | Street_address | x154 CheckGJ street |
    | City           | Orlando             |
    | State          | Florida             |
    | ZIP_Code       | 32801               |
    | Email_address  | Mand123@gmail.com   |
  &amp#27;[32mAnd &amp#27;[0m&amp#27;[32mI place an order&amp#27;[0m                                &amp#27;[90m# askomdch.com.StepDefinations.CheckOutStepDefination.i_place_an_order()&amp#27;[0m
  &amp#27;[32mThen &amp#27;[0m&amp#27;[32mthe Order should be placed successfully&amp#27;[0m        &amp#27;[90m# askomdch.com.StepDefinations.CheckOutStepDefination.the_order_should_be_placed_successfully()&amp#27;[0m
]]></system-out>
    <system-err><![CDATA[SLF4J(W): No SLF4J providers were found.
SLF4J(W): Defaulting to no-operation (NOP) logger implementation
SLF4J(W): See https://www.slf4j.org/codes.html#noProviders for further details.
Mar 31, 2025 6:33:37 PM org.openqa.selenium.devtools.CdpVersionFinder findNearestMatch
WARNING: Unable to find CDP implementation matching 134
Mar 31, 2025 6:33:37 PM org.openqa.selenium.chromium.ChromiumDriver lambda$new$5
WARNING: Unable to find version of CDP to use for 134.0.6998.178. You may need to include a dependency on a specific version of the CDP using something similar to `org.seleniumhq.selenium:selenium-devtools-v86:4.24.0` where the version ("v86") matches the version of the chromium-based browser you're using and the version number of the artifact is the same as Selenium's.
]]></system-err>
  </testcase>
</testsuite>