<?xml version="1.0" encoding="UTF-8"?>
<testng-results ignored="0" total="3" passed="3" failed="0" skipped="0">
  <reporter-output>
  </reporter-output>
  <suite started-at="2025-03-23T01:17:21 IST" name="Surefire suite" finished-at="2025-03-23T01:17:41 IST" duration-ms="20289">
    <groups>
      <group name="cucumber">
        <method signature="AbstractTestNGCucumberTests.runScenario(io.cucumber.testng.PickleWrapper,io.cucumber.testng.FeatureWrapper)[pri:0, instance:askomdch.com.runners.RunCucumberTest@4b741d6d]" name="runScenario" class="io.cucumber.testng.AbstractTestNGCucumberTests"/>
      </group> <!-- cucumber -->
    </groups>
    <test started-at="2025-03-23T01:17:21 IST" name="Surefire test" finished-at="2025-03-23T01:17:41 IST" duration-ms="20289">
      <class name="askomdch.com.runners.RunCucumberTest">
        <test-method is-config="true" signature="setUpClass(org.testng.ITestContext)[pri:0, instance:askomdch.com.runners.RunCucumberTest@4b741d6d]" started-at="2025-03-23T01:17:21 IST" name="setUpClass" finished-at="2025-03-23T01:17:21 IST" duration-ms="230" status="PASS">
          <params>
            <param index="0">
              <value>
                <![CDATA[org.testng.TestRunner@4470fbd6]]>
              </value>
            </param>
          </params>
          <reporter-output>
          </reporter-output>
        </test-method> <!-- setUpClass -->
        <test-method signature="runScenario(io.cucumber.testng.PickleWrapper,io.cucumber.testng.FeatureWrapper)[pri:0, instance:askomdch.com.runners.RunCucumberTest@4b741d6d]" started-at="2025-03-23T01:17:21 IST" name="runScenario" description="Runs Cucumber Scenarios" data-provider="scenarios" finished-at="2025-03-23T01:17:26 IST" duration-ms="4601" status="PASS">
          <params>
            <param index="0">
              <value>
                <![CDATA["Add the 2 set of product to cart"]]>
              </value>
            </param>
            <param index="1">
              <value>
                <![CDATA["Add to card2"]]>
              </value>
            </param>
          </params>
          <reporter-output>
          </reporter-output>
        </test-method> <!-- runScenario -->
        <test-method signature="runScenario(io.cucumber.testng.PickleWrapper,io.cucumber.testng.FeatureWrapper)[pri:0, instance:askomdch.com.runners.RunCucumberTest@4b741d6d]" started-at="2025-03-23T01:17:26 IST" name="runScenario" description="Runs Cucumber Scenarios" data-provider="scenarios" finished-at="2025-03-23T01:17:34 IST" duration-ms="7653" status="PASS">
          <params>
            <param index="0">
              <value>
                <![CDATA["Add the 2 set of product to cart"]]>
              </value>
            </param>
            <param index="1">
              <value>
                <![CDATA["Add to card2"]]>
              </value>
            </param>
          </params>
          <reporter-output>
          </reporter-output>
        </test-method> <!-- runScenario -->
        <test-method signature="runScenario(io.cucumber.testng.PickleWrapper,io.cucumber.testng.FeatureWrapper)[pri:0, instance:askomdch.com.runners.RunCucumberTest@4b741d6d]" started-at="2025-03-23T01:17:34 IST" name="runScenario" description="Runs Cucumber Scenarios" data-provider="scenarios" finished-at="2025-03-23T01:17:41 IST" duration-ms="7757" status="PASS">
          <params>
            <param index="0">
              <value>
                <![CDATA["Add the product and place the order,billing"]]>
              </value>
            </param>
            <param index="1">
              <value>
                <![CDATA["Add to card2"]]>
              </value>
            </param>
          </params>
          <reporter-output>
          </reporter-output>
        </test-method> <!-- runScenario -->
        <test-method is-config="true" signature="tearDownClass()[pri:0, instance:askomdch.com.runners.RunCucumberTest@4b741d6d]" started-at="2025-03-23T01:17:41 IST" name="tearDownClass" finished-at="2025-03-23T01:17:41 IST" duration-ms="5" status="PASS">
          <reporter-output>
          </reporter-output>
        </test-method> <!-- tearDownClass -->
      </class> <!-- askomdch.com.runners.RunCucumberTest -->
    </test> <!-- Surefire test -->
  </suite> <!-- Surefire suite -->
</testng-results>
