<?xml version="1.0" encoding="UTF-8"?>
<!-- Generated by org.testng.reporters.JUnitReportReporter -->
<testsuite hostname="LAPTOP-1PQU67CN" failures="0" tests="5" name="askomdch.com.runners.RunCucumberTest" time="65.386" errors="0" timestamp="2025-03-31T19:44:54 IST" skipped="0">
  <testcase classname="askomdch.com.runners.RunCucumberTest" name="runScenario" time="12.218"/>
  <testcase classname="askomdch.com.runners.RunCucumberTest" name="runScenario" time="29.130"/>
  <testcase classname="askomdch.com.runners.RunCucumberTest" name="runScenario" time="11.969"/>
  <testcase classname="askomdch.com.runners.RunCucumberTest" name="runScenario" time="4.551"/>
  <testcase classname="askomdch.com.runners.RunCucumberTest" name="runScenario" time="7.518"/>
</testsuite> <!-- askomdch.com.runners.RunCucumberTest -->
