<?xml version="1.0" encoding="UTF-8"?>
<!-- Generated by org.testng.reporters.JUnitReportReporter -->
<testsuite hostname="LAPTOP-1PQU67CN" failures="0" tests="3" name="askomdch.com.runners.RunCucumberTest" time="20.011" errors="0" timestamp="2025-03-23T01:17:42 IST" skipped="0">
  <testcase classname="askomdch.com.runners.RunCucumberTest" name="runScenario" time="7.653"/>
  <testcase classname="askomdch.com.runners.RunCucumberTest" name="runScenario" time="7.757"/>
  <testcase classname="askomdch.com.runners.RunCucumberTest" name="runScenario" time="4.601"/>
</testsuite> <!-- askomdch.com.runners.RunCucumberTest -->
